<?xml version="1.0" encoding="UTF-8" ?>
<testsuite failures="1" time="4.075" errors="0" skipped="0" tests="4" name="TestSuite">
  <properties>
[...]
</properties>
  <testcase time="0.018" classname="com.prosper.webtest.home.TestHomePage" name="homepageHomeLinkDisplayed"/>
  <testcase time="0.016" classname="com.prosper.webtest.home.TestHomePage" name="homepageLoanTypesLinkDisplayed"/>
  <testcase time="0.016" classname="com.prosper.webtest.home.TestHomePage" name="homepageQuickInvestLinkDisplayed"/>
  <testcase time="4.025" classname="com.prosper.webtest.home.TestHomePage" name="homePageDisplayed">
    <failure message="expected [true] but found [false]" type="java.lang.AssertionError">java.lang.AssertionError: expected [true] but found [false]
	at org.testng.Assert.fail(Assert.java:94)
	at org.testng.Assert.failNotEquals(Assert.java:494)
	at org.testng.Assert.assertTrue(Assert.java:42)
	at org.testng.Assert.assertTrue(Assert.java:52)
	at com.prosper.utilityClasses.HelperAPI.verifyPageTitle(HelperAPI.java:209)
	at com.prosper.page.LoginPage.loginWithValidUserId(LoginPage.java:53)
	at com.prosper.webtest.home.TestHomePage.homePageDisplayed(TestHomePage.java:29)
</failure>
    <system-out>Image Text
</system-out>
  </testcase>
</testsuite>